0 info it worked if it ends with ok
1 verbose cli [ 'C:\\Program Files (x86)\\iojs\\node.exe',
1 verbose cli   'C:\\Program Files (x86)\\iojs\\node_modules\\npm\\bin\\npm-cli.js',
1 verbose cli   'install' ]
2 info using npm@2.12.1
3 info using node@v2.3.4
4 verbose readDependencies loading dependencies from C:\Dropbox\Telerik Academy\school-academy\2015-10-Java-Fundamentals-1\03. Operators-and-expressions\slides\package.json
5 error install Couldn't read dependencies
6 verbose stack Error: ENOENT: no such file or directory, open 'C:\Dropbox\Telerik Academy\school-academy\2015-10-Java-Fundamentals-1\03. Operators-and-expressions\slides\package.json'
6 verbose stack     at Error (native)
7 verbose cwd C:\Dropbox\Telerik Academy\school-academy\2015-10-Java-Fundamentals-1\03. Operators-and-expressions\slides
8 error Windows_NT 6.3.9600
9 error argv "C:\\Program Files (x86)\\iojs\\node.exe" "C:\\Program Files (x86)\\iojs\\node_modules\\npm\\bin\\npm-cli.js" "install"
10 error node v2.3.4
11 error npm  v2.12.1
12 error path C:\Dropbox\Telerik Academy\school-academy\2015-10-Java-Fundamentals-1\03. Operators-and-expressions\slides\package.json
13 error code ENOPACKAGEJSON
14 error errno -4058
15 error syscall open
16 error package.json ENOENT: no such file or directory, open 'C:\Dropbox\Telerik Academy\school-academy\2015-10-Java-Fundamentals-1\03. Operators-and-expressions\slides\package.json'
16 error package.json This is most likely not a problem with npm itself.
16 error package.json npm can't find a package.json file in your current directory.
17 verbose exit [ -4058, true ]
